2025-02-20 17:14:06,634 - INFO - Starting initial analysis...
2025-02-20 17:14:06,634 - INFO - Starting analysis run...
2025-02-20 17:25:47,500 - INFO - Analysis completed successfully
2025-02-20 21:20:45,794 - INFO - Starting initial analysis...
2025-02-20 21:20:45,794 - INFO - Starting analysis run...
2025-02-20 21:36:11,993 - INFO - Analysis completed successfully
2025-02-20 21:45:14,089 - INFO - Starting initial cycle...
2025-02-20 21:45:14,089 - INFO - Starting full cycle...
2025-02-20 21:57:19,012 - INFO - Full cycle completed successfully
2025-02-20 21:59:23,060 - INFO - Starting initial cycle...
2025-02-20 21:59:23,060 - INFO - Starting full cycle...
2025-02-20 22:06:17,489 - INFO - Starting initial cycle...
2025-02-20 22:06:17,490 - INFO - Starting full cycle...
2025-02-20 22:06:18,497 - INFO - Created CryptoAnalyzer instance
2025-02-20 22:11:06,609 - INFO - Starting initial cycle...
2025-02-20 22:11:06,610 - INFO - Starting full cycle...
2025-02-20 22:11:07,337 - INFO - Created CryptoAnalyzer instance
2025-02-20 22:37:05,473 - INFO - Completed analysis run
2025-02-20 23:30:58,784 - INFO - Completed posting run
2025-02-20 23:30:58,784 - INFO - Full cycle completed successfully
2025-02-21 02:11:36,518 - INFO - Starting full cycle...
2025-02-21 02:11:37,762 - INFO - Created CryptoAnalyzer instance
2025-02-21 10:42:05,867 - INFO - Completed analysis run
2025-02-21 10:43:19,584 - INFO - Completed posting run
2025-02-21 10:43:19,584 - INFO - Full cycle completed successfully
2025-02-21 14:43:52,350 - INFO - Starting full cycle...
2025-02-21 14:43:53,964 - INFO - Created CryptoAnalyzer instance
2025-02-21 15:13:11,825 - INFO - Completed analysis run
2025-02-21 15:14:02,705 - INFO - Completed posting run
2025-02-21 15:14:02,705 - INFO - Full cycle completed successfully
