[88416:21416:0531/202018.823:INFO:components\enterprise\browser\controller\chrome_browser_cloud_management_controller.cc:202] No machine level policy manager exists.
[89284:89288:0531/202019.058:INFO:third_party\webrtc\system_wrappers\source\cpu_info.cc:56] Available number of cores: 12
[89292:89296:0531/202019.068:INFO:third_party\webrtc\system_wrappers\source\cpu_info.cc:56] Available number of cores: 12
[12944:9176:0531/202020.265:VERBOSE1:components\viz\service\main\viz_main_impl.cc:85] VizNullHypothesis is disabled (not a warning)
[89892:89896:0531/202021.320:INFO:third_party\webrtc\system_wrappers\source\cpu_info.cc:56] Available number of cores: 12
[88416:21416:0531/202023.800:WARNING:chrome\browser\performance_manager\policies\page_discarding_helper.cc:142] Discarding multiple pages with target (kb): 0, discard_protected_tabs: 0
[88416:21416:0531/202033.800:WARNING:chrome\browser\performance_manager\policies\page_discarding_helper.cc:142] Discarding multiple pages with target (kb): 0, discard_protected_tabs: 0
[88416:21416:0531/202117.983:INFO:CONSOLE:33] "react-i18next:: It seems you are still using the old wait option, you may migrate to the new useSuspense behaviour.", source: https://s2.coinmarketcap.com/cmc/_next/static/chunks/pages/_app-7ae28c665f274c08.js (33)
[88416:21416:0531/202117.991:INFO:CONSOLE:33] "react-i18next:: i18n.languages were undefined or empty undefined", source: https://s2.coinmarketcap.com/cmc/_next/static/chunks/pages/_app-7ae28c665f274c08.js (33)
[1644:15916:0531/202120.074:INFO:third_party\webrtc\system_wrappers\source\cpu_info.cc:56] Available number of cores: 12
[10552:89200:0531/202120.115:WARNING:net\spdy\spdy_session.cc:2997] Received HEADERS for invalid stream 55
[10552:89200:0531/202120.193:ERROR:net\socket\ssl_client_socket_impl.cc:877] handshake failed; returned -1, SSL error code 1, net_error -183
[87788:89436:0531/202121.009:INFO:third_party\webrtc\system_wrappers\source\cpu_info.cc:56] Available number of cores: 12
[89856:69844:0531/202121.224:INFO:third_party\webrtc\system_wrappers\source\cpu_info.cc:56] Available number of cores: 12
[3140:85828:0531/202121.224:INFO:third_party\webrtc\system_wrappers\source\cpu_info.cc:56] Available number of cores: 12
[12944:9176:0531/202121.635:ERROR:gpu\command_buffer\service\gles2_cmd_decoder_passthrough.cc:1092] [GroupMarkerNotSet(crbug.com/242999)!:A0F028005C060000]Automatic fallback to software WebGL has been deprecated. Please use the --enable-unsafe-swiftshader flag to opt in to lower security guarantees for trusted content.
[88416:21416:0531/202121.678:INFO:CONSOLE:0] "[GroupMarkerNotSet(crbug.com/242999)!:A0F028005C060000]Automatic fallback to software WebGL has been deprecated. Please use the --enable-unsafe-swiftshader flag to opt in to lower security guarantees for trusted content.", source: https://ep2.adtrafficquality.google/sodar/sodar2/237/runner.html (0)
[70548:10952:0531/202121.683:INFO:third_party\webrtc\system_wrappers\source\cpu_info.cc:56] Available number of cores: 12
[10552:89200:0531/202121.837:WARNING:net\spdy\spdy_session.cc:2997] Received HEADERS for invalid stream 143
[10552:89200:0531/202121.837:WARNING:net\spdy\spdy_session.cc:2997] Received HEADERS for invalid stream 139
[10552:89200:0531/202121.870:WARNING:net\spdy\spdy_session.cc:2997] Received HEADERS for invalid stream 151
[10552:89200:0531/202121.921:WARNING:net\spdy\spdy_session.cc:2997] Received HEADERS for invalid stream 155
[10552:89200:0531/202121.925:WARNING:net\spdy\spdy_session.cc:2997] Received HEADERS for invalid stream 159
[88416:21416:0531/202122.055:INFO:CONSOLE:0] "Access to fetch at 'https://securepubads.g.doubleclick.net/btr/view?ai=CVVvSsFY7aKKdO4LskdUP5b2YGezts81_wLvPzfITgpyv1YoOEAEgxPyKnQFgu76ug9AKoAGhwJjxKMgBCeACAKgDAcgDywSqBOkCT9CZNhA3kRyHoMl07LROJYHl4TIHe9k6gNp7ba3EPUHuaAMbpCjlnfY6YulDhUcKW3FJAzsHbAsngSQENu87yCCi25M62NpcksLBnPteyrhtm8Q_lkjVh67xRaNgYJfcLHbtvVXx_KulIejDxj083JgxcWJNqDeZUsD6gqf4QsZWm2zabBey_FHQjsnuFokNi-lwuhx94EfMh20gI9gn1_bsEzc0UfwTFLvO7msWz4QXYDByv4DLZWwT7fzsiBvdB16tHffjrxDmuSWHwTy98o6FQUA8N3CXMp_JBGIxA1l1HtTKtvKtcfefRnTu2Xqp_H2lV5_QnHNqjmEZ3UER4yYx4Xye8EmbDYLOpobebTY1OMpIgSgxNE8MQ49T6icRlHm1Ce7ASBic6qOTkNXEtnnkQVq4-5e2tEqLAhP1CU_DkDetB7ZlT7ybw7K1qYgpv9RADvd0jQblyuABzw798am0L7S3Z1IoPcAEt7Dys60F4AQBiAX4_PygVJIFBAgEGAGSBQQIBRgEoAYugAf4qd6mBKgH2baxAqgHpr4bqAfMzrECqAfz0RuoB5bYG6gHqpuxAqgH4L2xAqgHjs4bqAeT2BuoB_DgG6gH7paxAqgH_p6xAqgHr76xAqgH98KxAtgHAPIHBBD24UfSCCwIgOGAEBABGJ0BMgKqAjoOgMADgICEgICUruADoAdIvf3BOlifxrX8ts6NA5oJ9ARodHRwczovL3d3dy50ZW11LmNvbS91bC9rdWlwZXIvdW4xLmh0bWw_c3Viaj1mZWVkLXVuJl9iZ19mcz0xJl9wX21hdDFfdHlwZT0xJl9wX2p1bXBfaWQ9NzI1Jl94X3ZzdF9zY2VuZT1hZGcmbG9jYWxlX292ZXJyaWRlPTIxMH5lbn5HQlAmZ29vZHNfaWQ9NjAxMDk5NTcwMjQzOTk3Jl9wX3Jmcz0xJl94X2Fkc19jaGFubmVsPWdvb2dsZSZfeF9hZHNfc3ViX2NoYW5uZWw9b3RoZXImX3hfYmdfYWRpZD1nZDEyMzE3OTAzLWV1LTEmdG9waWNfY2xhc3NpZnk9MTM0Jl94X2Fkc19hY2NvdW50PTIwODA3OTEwNjQmX3hfYWRzX3NldD0yMjYxNzczNDc3NiZfeF9hZHNfaWQ9MTgzOTg3MTE2MDg3Jl94X2Fkc19jcmVhdGl2ZV9pZD03NTUwODc3MDc0MjYmX3hfbnNfc291cmNlPWQmX3hfbnNfZ2NsaWQ9e2djbGlkfSZfeF9uc19wbGFjZW1lbnQ9Y29pbm1hcmtldGNhcC5jb20mX3hfbnNfbWF0Y2hfdHlwZT0mX3hfbnNfYWRfcG9zaXRpb249Jl94X25zX3Byb2R1Y3RfaWQ9Jl94X25zX3RhcmdldD1zZWdtZW50X2JlX2FfMjg1NzM1NzAwOTE4NDU1MzQxMiZfeF9uc19kZXZpY2Vtb2RlbD0mX3hfbnNfd2JyYWlkPXt3YnJhaWR9Jl94X25zX2dicmFpZD17Z2JyYWlkfSZfeF9uc190YXJnZXRpZD0mZ2FkX3NvdXJjZT01gAoDyAsB4g0TCLT_tfy2zo0DFQJ2pAQd5R4mA-oNEwiygLf8ts6NAxUCdqQEHeUeJgPYEwzQFQHKFgIKAPgWAYAXAbIXXgodCAASFHB1Yi02NzkxMDM3NTYwNzQ5NjE5GP_9lQEYASo7LzIyOTYwMjEyMDkwL0NvaW5tYXJrZXRjYXBfUzJTX19BVEZfTGVhZGVyYm9hcmRfRGVza3RvcF9ST1O6FwI4AbIYCRICwE8YLiIBANAYAegYAQ&sigh=AO32WLzykCg&cmd=ChdjYS1wdWItOTk2MTgxNDgyMzkzMDk2NxDuAxgC&uach_m=%5BUACH%5D&ase=2&cid=CAQSOwDZpuyzKz8O6--M9eZFZRAlVnxjaAzkxgDynIxYnk0jXC4_YWtqEYpisu7cgGaK5ShKpE7qqZmUoqh-GAE&template_id=494&vis=1&ibtr=1&nis=6' from origin 'https://29c0c4608ac1868fe2987c603e7d0779.safeframe.googlesyndication.com' has been blocked by CORS policy: The value of the 'Access-Control-Allow-Credentials' header in the response is '' which must be 'true' when the request's credentials mode is 'include'.", source: https://29c0c4608ac1868fe2987c603e7d0779.safeframe.googlesyndication.com/safeframe/1-0-45/html/container.html (0)
[88416:21416:0531/202122.055:INFO:CONSOLE:1] "Uncaught (in promise) TypeError: Failed to fetch", source:  (1)
[20192:86944:0531/202122.080:INFO:third_party\webrtc\system_wrappers\source\cpu_info.cc:56] Available number of cores: 12
[10552:89200:0531/202123.944:WARNING:net\spdy\spdy_session.cc:2997] Received HEADERS for invalid stream 203
[21288:1488:0531/202123.975:INFO:third_party\webrtc\system_wrappers\source\cpu_info.cc:56] Available number of cores: 12
[10552:89200:0531/202123.991:WARNING:net\spdy\spdy_session.cc:2997] Received HEADERS for invalid stream 215
[79636:58780:0531/202124.022:INFO:third_party\webrtc\system_wrappers\source\cpu_info.cc:56] Available number of cores: 12
[12632:6672:0531/202124.026:INFO:third_party\webrtc\system_wrappers\source\cpu_info.cc:56] Available number of cores: 12
[88500:9752:0531/202124.071:INFO:third_party\webrtc\system_wrappers\source\cpu_info.cc:56] Available number of cores: 12
[69220:14540:0531/202124.086:INFO:third_party\webrtc\system_wrappers\source\cpu_info.cc:56] Available number of cores: 12
[89468:88428:0531/202124.086:INFO:third_party\webrtc\system_wrappers\source\cpu_info.cc:56] Available number of cores: 12
[8956:1908:0531/202124.148:INFO:third_party\webrtc\system_wrappers\source\cpu_info.cc:56] Available number of cores: 12
[71208:19096:0531/202124.285:INFO:third_party\webrtc\system_wrappers\source\cpu_info.cc:56] Available number of cores: 12
[89064:87496:0531/202124.317:INFO:third_party\webrtc\system_wrappers\source\cpu_info.cc:56] Available number of cores: 12
[18852:88788:0531/202124.351:INFO:third_party\webrtc\system_wrappers\source\cpu_info.cc:56] Available number of cores: 12
[86260:12844:0531/202124.351:INFO:third_party\webrtc\system_wrappers\source\cpu_info.cc:56] Available number of cores: 12
[71252:18928:0531/202124.359:INFO:third_party\webrtc\system_wrappers\source\cpu_info.cc:56] Available number of cores: 12
[5600:71256:0531/202124.359:INFO:third_party\webrtc\system_wrappers\source\cpu_info.cc:56] Available number of cores: 12
[10552:89200:0531/202124.466:WARNING:net\spdy\spdy_session.cc:2997] Received HEADERS for invalid stream 255
[10552:89200:0531/202124.466:WARNING:net\spdy\spdy_session.cc:2997] Received HEADERS for invalid stream 241
[10552:89200:0531/202124.466:WARNING:net\spdy\spdy_session.cc:2997] Received HEADERS for invalid stream 269
[10552:89200:0531/202124.466:WARNING:net\spdy\spdy_session.cc:2997] Received HEADERS for invalid stream 271
[10552:89200:0531/202124.470:WARNING:net\spdy\spdy_session.cc:2997] Received HEADERS for invalid stream 283
[10552:89200:0531/202124.470:WARNING:net\spdy\spdy_session.cc:2997] Received HEADERS for invalid stream 259
[10552:89200:0531/202124.470:WARNING:net\spdy\spdy_session.cc:2997] Received HEADERS for invalid stream 251
[10552:89200:0531/202124.470:WARNING:net\spdy\spdy_session.cc:2997] Received HEADERS for invalid stream 287
[10552:89200:0531/202124.470:WARNING:net\spdy\spdy_session.cc:2997] Received HEADERS for invalid stream 265
[10552:89200:0531/202124.470:WARNING:net\spdy\spdy_session.cc:2997] Received HEADERS for invalid stream 249
[10552:89200:0531/202124.470:WARNING:net\spdy\spdy_session.cc:2997] Received HEADERS for invalid stream 267
[10552:89200:0531/202124.470:WARNING:net\spdy\spdy_session.cc:2997] Received HEADERS for invalid stream 275
[10552:89200:0531/202124.470:WARNING:net\spdy\spdy_session.cc:2997] Received HEADERS for invalid stream 273
[10552:89200:0531/202124.470:WARNING:net\spdy\spdy_session.cc:2997] Received HEADERS for invalid stream 289
[10552:89200:0531/202124.470:WARNING:net\spdy\spdy_session.cc:2997] Received HEADERS for invalid stream 243
[10552:89200:0531/202124.470:WARNING:net\spdy\spdy_session.cc:2997] Received HEADERS for invalid stream 253
[10552:89200:0531/202124.470:WARNING:net\spdy\spdy_session.cc:2997] Received HEADERS for invalid stream 281
[10552:89200:0531/202124.470:WARNING:net\spdy\spdy_session.cc:2997] Received HEADERS for invalid stream 277
[10552:89200:0531/202124.470:WARNING:net\spdy\spdy_session.cc:2997] Received HEADERS for invalid stream 279
[10552:89200:0531/202124.470:WARNING:net\spdy\spdy_session.cc:2997] Received HEADERS for invalid stream 263
[10552:89200:0531/202124.470:WARNING:net\spdy\spdy_session.cc:2997] Received HEADERS for invalid stream 245
[10552:89200:0531/202124.470:WARNING:net\spdy\spdy_session.cc:2997] Received HEADERS for invalid stream 291
[10552:89200:0531/202124.470:WARNING:net\spdy\spdy_session.cc:2997] Received HEADERS for invalid stream 285
[10552:89200:0531/202124.471:WARNING:net\spdy\spdy_session.cc:2997] Received HEADERS for invalid stream 247
[10552:89200:0531/202124.471:WARNING:net\spdy\spdy_session.cc:2997] Received HEADERS for invalid stream 261
[10552:89200:0531/202124.471:WARNING:net\spdy\spdy_session.cc:2997] Received HEADERS for invalid stream 257
[8536:16632:0531/202124.498:INFO:third_party\webrtc\system_wrappers\source\cpu_info.cc:56] Available number of cores: 12
[10552:89200:0531/202124.592:WARNING:net\spdy\spdy_session.cc:2997] Received HEADERS for invalid stream 309
[10552:89200:0531/202124.592:WARNING:net\spdy\spdy_session.cc:2997] Received HEADERS for invalid stream 323
[10552:89200:0531/202124.592:WARNING:net\spdy\spdy_session.cc:2997] Received HEADERS for invalid stream 293
[10552:89200:0531/202124.592:WARNING:net\spdy\spdy_session.cc:2997] Received HEADERS for invalid stream 311
[10552:89200:0531/202124.592:WARNING:net\spdy\spdy_session.cc:2997] Received HEADERS for invalid stream 305
[10552:89200:0531/202124.592:WARNING:net\spdy\spdy_session.cc:2997] Received HEADERS for invalid stream 301
[10552:89200:0531/202124.592:WARNING:net\spdy\spdy_session.cc:2997] Received HEADERS for invalid stream 295
[10552:89200:0531/202124.608:WARNING:net\spdy\spdy_session.cc:2997] Received HEADERS for invalid stream 303
[10552:89200:0531/202124.608:WARNING:net\spdy\spdy_session.cc:2997] Received HEADERS for invalid stream 307
[10552:89200:0531/202124.608:WARNING:net\spdy\spdy_session.cc:2997] Received HEADERS for invalid stream 327
[10552:89200:0531/202124.608:WARNING:net\spdy\spdy_session.cc:2997] Received HEADERS for invalid stream 321
[10552:89200:0531/202124.608:WARNING:net\spdy\spdy_session.cc:2997] Received HEADERS for invalid stream 343
[10552:89200:0531/202124.608:WARNING:net\spdy\spdy_session.cc:2997] Received HEADERS for invalid stream 337
[10552:89200:0531/202124.608:WARNING:net\spdy\spdy_session.cc:2997] Received HEADERS for invalid stream 335
[10552:89200:0531/202124.608:WARNING:net\spdy\spdy_session.cc:2997] Received HEADERS for invalid stream 333
[10552:89200:0531/202124.608:WARNING:net\spdy\spdy_session.cc:2997] Received HEADERS for invalid stream 331
[10552:89200:0531/202124.608:WARNING:net\spdy\spdy_session.cc:2997] Received HEADERS for invalid stream 329
[10552:89200:0531/202124.608:WARNING:net\spdy\spdy_session.cc:2997] Received HEADERS for invalid stream 317
[10552:89200:0531/202124.608:WARNING:net\spdy\spdy_session.cc:2997] Received HEADERS for invalid stream 339
[10552:89200:0531/202124.608:WARNING:net\spdy\spdy_session.cc:2997] Received HEADERS for invalid stream 319
[10552:89200:0531/202124.608:WARNING:net\spdy\spdy_session.cc:2997] Received HEADERS for invalid stream 297
[10552:89200:0531/202124.608:WARNING:net\spdy\spdy_session.cc:2997] Received HEADERS for invalid stream 299
[10552:89200:0531/202124.608:WARNING:net\spdy\spdy_session.cc:2997] Received HEADERS for invalid stream 315
[10552:89200:0531/202124.608:WARNING:net\spdy\spdy_session.cc:2997] Received HEADERS for invalid stream 325
[10552:89200:0531/202124.608:WARNING:net\spdy\spdy_session.cc:2997] Received HEADERS for invalid stream 341
[10552:89200:0531/202124.608:WARNING:net\spdy\spdy_session.cc:2997] Received HEADERS for invalid stream 313
[10552:89200:0531/202124.608:WARNING:net\spdy\spdy_session.cc:2997] Received HEADERS for invalid stream 347
[10552:89200:0531/202124.608:WARNING:net\spdy\spdy_session.cc:2997] Received HEADERS for invalid stream 345
[10552:89200:0531/202124.624:WARNING:net\spdy\spdy_session.cc:2997] Received HEADERS for invalid stream 353
[10552:89200:0531/202124.624:WARNING:net\spdy\spdy_session.cc:2997] Received HEADERS for invalid stream 355
[90396:90400:0531/202124.640:INFO:third_party\webrtc\system_wrappers\source\cpu_info.cc:56] Available number of cores: 12
[90436:90440:0531/202124.672:INFO:third_party\webrtc\system_wrappers\source\cpu_info.cc:56] Available number of cores: 12
[10552:89200:0531/202124.775:ERROR:net\socket\ssl_client_socket_impl.cc:877] handshake failed; returned -1, SSL error code 1, net_error -101
[10552:89200:0531/202124.806:WARNING:net\spdy\spdy_session.cc:2997] Received HEADERS for invalid stream 381
[90592:90596:0531/202124.834:INFO:third_party\webrtc\system_wrappers\source\cpu_info.cc:56] Available number of cores: 12
[90620:90624:0531/202124.864:INFO:third_party\webrtc\system_wrappers\source\cpu_info.cc:56] Available number of cores: 12
[90600:90604:0531/202124.879:INFO:third_party\webrtc\system_wrappers\source\cpu_info.cc:56] Available number of cores: 12
[10552:89200:0531/202124.925:WARNING:net\spdy\spdy_session.cc:2997] Received HEADERS for invalid stream 413
[10552:89200:0531/202124.925:WARNING:net\spdy\spdy_session.cc:2997] Received HEADERS for invalid stream 409
[90660:90664:0531/202124.925:INFO:third_party\webrtc\system_wrappers\source\cpu_info.cc:56] Available number of cores: 12
[90696:90700:0531/202124.949:INFO:third_party\webrtc\system_wrappers\source\cpu_info.cc:56] Available number of cores: 12
[90840:90844:0531/202125.029:INFO:third_party\webrtc\system_wrappers\source\cpu_info.cc:56] Available number of cores: 12
[10552:89200:0531/202125.029:WARNING:net\spdy\spdy_session.cc:2997] Received HEADERS for invalid stream 441
[90828:90832:0531/202125.029:INFO:third_party\webrtc\system_wrappers\source\cpu_info.cc:56] Available number of cores: 12
[90896:90900:0531/202125.060:INFO:third_party\webrtc\system_wrappers\source\cpu_info.cc:56] Available number of cores: 12
[90940:90944:0531/202125.076:INFO:third_party\webrtc\system_wrappers\source\cpu_info.cc:56] Available number of cores: 12
[90960:90964:0531/202125.076:INFO:third_party\webrtc\system_wrappers\source\cpu_info.cc:56] Available number of cores: 12
[10552:89200:0531/202125.107:ERROR:net\socket\ssl_client_socket_impl.cc:877] handshake failed; returned -1, SSL error code 1, net_error -100
[90976:90980:0531/202125.171:INFO:third_party\webrtc\system_wrappers\source\cpu_info.cc:56] Available number of cores: 12
[10552:89200:0531/202125.187:ERROR:net\socket\ssl_client_socket_impl.cc:877] handshake failed; returned -1, SSL error code 1, net_error -101
[89172:90104:0531/202125.257:INFO:third_party\webrtc\system_wrappers\source\cpu_info.cc:56] Available number of cores: 12
[10552:89200:0531/202125.279:WARNING:net\spdy\spdy_session.cc:2997] Received HEADERS for invalid stream 469
[10552:89200:0531/202125.496:WARNING:net\spdy\spdy_session.cc:2997] Received HEADERS for invalid stream 489
[91192:91196:0531/202125.542:INFO:third_party\webrtc\system_wrappers\source\cpu_info.cc:56] Available number of cores: 12
[91200:91204:0531/202125.542:INFO:third_party\webrtc\system_wrappers\source\cpu_info.cc:56] Available number of cores: 12
[91208:91212:0531/202125.600:INFO:third_party\webrtc\system_wrappers\source\cpu_info.cc:56] Available number of cores: 12
[10552:89200:0531/202125.630:WARNING:net\spdy\spdy_session.cc:2997] Received HEADERS for invalid stream 537
[91260:91264:0531/202125.702:INFO:third_party\webrtc\system_wrappers\source\cpu_info.cc:56] Available number of cores: 12
[91276:91280:0531/202125.702:INFO:third_party\webrtc\system_wrappers\source\cpu_info.cc:56] Available number of cores: 12
[91308:91312:0531/202125.778:INFO:third_party\webrtc\system_wrappers\source\cpu_info.cc:56] Available number of cores: 12
[91216:91220:0531/202125.802:INFO:third_party\webrtc\system_wrappers\source\cpu_info.cc:56] Available number of cores: 12
[88416:21416:0531/202125.939:INFO:CONSOLE:1] "Mixed Content: The page at 'https://coinmarketcap.com/trending-cryptocurrencies/' was loaded over HTTPS, but requested an insecure frame 'http://d5p.de17a.com/getuid/pubmatic;c?https://image2.pubmatic.com/AdServer/Pug?vcode=bz0yJnR5cGU9MSZjb2RlPTI3NDUmdGw9MTI5NjAw&gdpr=1&gdpr_consent=CQSRjRgQSRjRgAcABBENBtFsAP_gAEPgAChQLQtT_G__bWlr-T73aftkeYxP99h77sQxBgbJE-4FzLvW_JwXx2E5NAzatqIKmRIAu3TBIQNlHJDURVCgaogVryDMaEyUoTNKJ6BkiFMRI2NYCFxvm4tjeQCY5vr991c1mB-t7dr83dzyy4hHn3a5_2S1WJCdAYetDfv8bBOT-9IOd_x8v4v4_F7pE2-eS1n_pWvp7D9-Yls_9X299_bbff7Pn_fql_-_X_vf_n37v943n77v__4LQAAmGhUQRlkQAhEoGEECABQVhARQIAgAASBogIATBgU5AwAXWEiAEAKAAYIAQAAgwABAAAJAAhEAFABQIAAIBAoAAwAIBgIAGBgADABYCAQAAgOgYpgQQCBYAJGZFBpgSgAJBAS2VCCQBAgrhCEWeAQQIiYKAAAEAAoAAEB4LAYkkBKxIIAuIJoAACAAAKIECBFJ2YAgoDNlqLwZPoytMAwfMEzSmAZAEQRkZJsQm_aYeOQohQAA.f_wACHwAAAAA&piggybackCookie=$UID'. This request has been blocked; the content must be served over HTTPS.", source: https://ads.pubmatic.com/AdServer/js/user_sync.html?kdntuid=1&p=161102 (1)
[10552:89200:0531/202128.189:ERROR:net\socket\ssl_client_socket_impl.cc:877] handshake failed; returned -1, SSL error code 1, net_error -200
[10552:89200:0531/202130.457:ERROR:net\socket\ssl_client_socket_impl.cc:877] handshake failed; returned -1, SSL error code 1, net_error -101
[10552:89200:0531/202130.671:ERROR:net\socket\ssl_client_socket_impl.cc:877] handshake failed; returned -1, SSL error code 1, net_error -101
[10552:89200:0531/202130.704:ERROR:net\socket\ssl_client_socket_impl.cc:877] handshake failed; returned -1, SSL error code 1, net_error -101
[10552:89200:0531/202130.923:ERROR:net\socket\ssl_client_socket_impl.cc:877] handshake failed; returned -1, SSL error code 1, net_error -100
[10552:89200:0531/202135.071:ERROR:net\socket\ssl_client_socket_impl.cc:877] handshake failed; returned -1, SSL error code 1, net_error -101
[88416:21416:0531/202143.165:INFO:CONSOLE:33] "react-i18next:: It seems you are still using the old wait option, you may migrate to the new useSuspense behaviour.", source: https://s2.coinmarketcap.com/cmc/_next/static/chunks/pages/_app-7ae28c665f274c08.js (33)
[88416:21416:0531/202143.165:INFO:CONSOLE:33] "react-i18next:: i18n.languages were undefined or empty undefined", source: https://s2.coinmarketcap.com/cmc/_next/static/chunks/pages/_app-7ae28c665f274c08.js (33)
[89068:90588:0531/202143.917:INFO:third_party\webrtc\system_wrappers\source\cpu_info.cc:56] Available number of cores: 12
[88416:21416:0531/202145.316:INFO:CONSOLE:33] "Highcharts warning: Consider including the "accessibility.js" module to make your chart more usable for people with disabilities. Set the "accessibility.enabled" option to false to remove this warning. See https://www.highcharts.com/docs/accessibility/accessibility-module.", source: https://s2.coinmarketcap.com/cmc/_next/static/chunks/pages/_app-7ae28c665f274c08.js (33)
[88416:21416:0531/202145.546:INFO:CONSOLE:33] "Highcharts warning #33: www.highcharts.com/errors/33/?Invalid%20attribute%20in%20config=loading
 - Invalid attribute in config: loading", source: https://s2.coinmarketcap.com/cmc/_next/static/chunks/pages/_app-7ae28c665f274c08.js (33)
[88416:21416:0531/202145.546:INFO:CONSOLE:33] "Highcharts warning #33: www.highcharts.com/errors/33/?Invalid%20attribute%20in%20config=decode
 - Invalid attribute in config: decode", source: https://s2.coinmarketcap.com/cmc/_next/static/chunks/pages/_app-7ae28c665f274c08.js (33)
[88416:21416:0531/202145.546:INFO:CONSOLE:33] "Highcharts warning #33: www.highcharts.com/errors/33/?Invalid%20attribute%20in%20config=priority
 - Invalid attribute in config: priority", source: https://s2.coinmarketcap.com/cmc/_next/static/chunks/pages/_app-7ae28c665f274c08.js (33)
[88416:21416:0531/202151.171:INFO:CONSOLE:33] "react-i18next:: It seems you are still using the old wait option, you may migrate to the new useSuspense behaviour.", source: https://s2.coinmarketcap.com/cmc/_next/static/chunks/pages/_app-7ae28c665f274c08.js (33)
[88416:21416:0531/202151.171:INFO:CONSOLE:33] "react-i18next:: i18n.languages were undefined or empty undefined", source: https://s2.coinmarketcap.com/cmc/_next/static/chunks/pages/_app-7ae28c665f274c08.js (33)
[88416:21416:0531/202153.381:INFO:CONSOLE:33] "Highcharts warning: Consider including the "accessibility.js" module to make your chart more usable for people with disabilities. Set the "accessibility.enabled" option to false to remove this warning. See https://www.highcharts.com/docs/accessibility/accessibility-module.", source: https://s2.coinmarketcap.com/cmc/_next/static/chunks/pages/_app-7ae28c665f274c08.js (33)
[88416:21416:0531/202153.687:INFO:CONSOLE:33] "Highcharts warning #33: www.highcharts.com/errors/33/?Invalid%20attribute%20in%20config=loading
 - Invalid attribute in config: loading", source: https://s2.coinmarketcap.com/cmc/_next/static/chunks/pages/_app-7ae28c665f274c08.js (33)
[88416:21416:0531/202153.687:INFO:CONSOLE:33] "Highcharts warning #33: www.highcharts.com/errors/33/?Invalid%20attribute%20in%20config=decode
 - Invalid attribute in config: decode", source: https://s2.coinmarketcap.com/cmc/_next/static/chunks/pages/_app-7ae28c665f274c08.js (33)
[88416:21416:0531/202153.687:INFO:CONSOLE:33] "Highcharts warning #33: www.highcharts.com/errors/33/?Invalid%20attribute%20in%20config=priority
 - Invalid attribute in config: priority", source: https://s2.coinmarketcap.com/cmc/_next/static/chunks/pages/_app-7ae28c665f274c08.js (33)
[88416:21416:0531/202201.232:INFO:CONSOLE:0] "The resource https://s2.coinmarketcap.com/cmc/_next/static/chunks/20871.8824af27eae059b4.js was preloaded using link preload but not used within a few seconds from the window's load event. Please make sure it has an appropriate `as` value and it is preloaded intentionally.", source: https://coinmarketcap.com/currencies/elderglade/ (0)
[88416:21416:0531/202201.237:INFO:CONSOLE:0] "The resource https://s2.coinmarketcap.com/cmc/_next/static/chunks/sentry-module.3faa3196f09411aa.js was preloaded using link preload but not used within a few seconds from the window's load event. Please make sure it has an appropriate `as` value and it is preloaded intentionally.", source: https://coinmarketcap.com/currencies/elderglade/ (0)
[88416:21416:0531/202201.237:INFO:CONSOLE:0] "The resource https://cdn.fuseplatform.net/publift/tags/2/3570/fuse.js was preloaded using link preload but not used within a few seconds from the window's load event. Please make sure it has an appropriate `as` value and it is preloaded intentionally.", source: https://coinmarketcap.com/currencies/elderglade/ (0)
[88416:21416:0531/202205.234:INFO:CONSOLE:0] "The resource https://s2.coinmarketcap.com/cmc/_next/static/chunks/20871.8824af27eae059b4.js was preloaded using link preload but not used within a few seconds from the window's load event. Please make sure it has an appropriate `as` value and it is preloaded intentionally.", source: https://coinmarketcap.com/currencies/elderglade/ (0)
[88416:21416:0531/202205.234:INFO:CONSOLE:0] "The resource https://s2.coinmarketcap.com/cmc/_next/static/chunks/sentry-module.3faa3196f09411aa.js was preloaded using link preload but not used within a few seconds from the window's load event. Please make sure it has an appropriate `as` value and it is preloaded intentionally.", source: https://coinmarketcap.com/currencies/elderglade/ (0)
[88416:21416:0531/202205.234:INFO:CONSOLE:0] "The resource https://cdn.fuseplatform.net/publift/tags/2/3570/fuse.js was preloaded using link preload but not used within a few seconds from the window's load event. Please make sure it has an appropriate `as` value and it is preloaded intentionally.", source: https://coinmarketcap.com/currencies/elderglade/ (0)
[88416:21416:0531/202217.766:INFO:CONSOLE:0] "[DOM] Password field is not contained in a form: (More info: https://goo.gl/9p2vKq) %o", source: https://coinmarketcap.com/community/ (0)
[88416:21416:0531/202217.766:INFO:CONSOLE:0] "[DOM] Password field is not contained in a form: (More info: https://goo.gl/9p2vKq) %o", source: https://coinmarketcap.com/community/ (0)
[12944:9176:0531/202217.974:ERROR:gpu\command_buffer\service\gles2_cmd_decoder_passthrough.cc:1092] [GroupMarkerNotSet(crbug.com/242999)!:A05029005C060000]Automatic fallback to software WebGL has been deprecated. Please use the --enable-unsafe-swiftshader flag to opt in to lower security guarantees for trusted content.
[12944:9176:0531/202217.998:ERROR:gpu\command_buffer\service\gles2_cmd_decoder_passthrough.cc:1092] [GroupMarkerNotSet(crbug.com/242999)!:A02029005C060000]Automatic fallback to software WebGL has been deprecated. Please use the --enable-unsafe-swiftshader flag to opt in to lower security guarantees for trusted content.
[12944:9176:0531/202218.283:ERROR:gpu\command_buffer\service\gl_utils.cc:431] [.WebGL-0x3df405cddb00]GL Driver Message (OpenGL, Performance, GL_CLOSE_PATH_NV, High): GPU stall due to ReadPixels
[12944:9176:0531/202218.373:ERROR:gpu\command_buffer\service\gles2_cmd_decoder_passthrough.cc:1092] [GroupMarkerNotSet(crbug.com/242999)!:A0F028005C060000]Automatic fallback to software WebGL has been deprecated. Please use the --enable-unsafe-swiftshader flag to opt in to lower security guarantees for trusted content.
[12944:9176:0531/202218.389:ERROR:gpu\command_buffer\service\gles2_cmd_decoder_passthrough.cc:1092] [GroupMarkerNotSet(crbug.com/242999)!:A0C0F4005C060000]Automatic fallback to software WebGL has been deprecated. Please use the --enable-unsafe-swiftshader flag to opt in to lower security guarantees for trusted content.
[12944:9176:0531/202218.561:ERROR:gpu\command_buffer\service\gles2_cmd_decoder_passthrough.cc:1092] [GroupMarkerNotSet(crbug.com/242999)!:A0F0F4005C060000]Automatic fallback to software WebGL has been deprecated. Please use the --enable-unsafe-swiftshader flag to opt in to lower security guarantees for trusted content.
[12944:9176:0531/202218.561:ERROR:gpu\command_buffer\service\gles2_cmd_decoder_passthrough.cc:1092] [GroupMarkerNotSet(crbug.com/242999)!:A020F5005C060000]Automatic fallback to software WebGL has been deprecated. Please use the --enable-unsafe-swiftshader flag to opt in to lower security guarantees for trusted content.
[12944:9176:0531/202218.576:ERROR:gpu\command_buffer\service\gl_utils.cc:431] [.WebGL-0x3df40436a900]GL Driver Message (OpenGL, Performance, GL_CLOSE_PATH_NV, High): GPU stall due to ReadPixels
[12944:9176:0531/202218.607:ERROR:gpu\command_buffer\service\gles2_cmd_decoder_passthrough.cc:1092] [GroupMarkerNotSet(crbug.com/242999)!:A050F5005C060000]Automatic fallback to software WebGL has been deprecated. Please use the --enable-unsafe-swiftshader flag to opt in to lower security guarantees for trusted content.
[12944:9176:0531/202218.623:ERROR:gpu\command_buffer\service\gles2_cmd_decoder_passthrough.cc:1092] [GroupMarkerNotSet(crbug.com/242999)!:A0C0F6005C060000]Automatic fallback to software WebGL has been deprecated. Please use the --enable-unsafe-swiftshader flag to opt in to lower security guarantees for trusted content.
[88416:21416:0531/202218.639:INFO:CONSOLE:0] "[GroupMarkerNotSet(crbug.com/242999)!:A05029005C060000]Automatic fallback to software WebGL has been deprecated. Please use the --enable-unsafe-swiftshader flag to opt in to lower security guarantees for trusted content.", source: https://coinmarketcap.com/community/ (0)
[88416:21416:0531/202218.639:INFO:CONSOLE:0] "[GroupMarkerNotSet(crbug.com/242999)!:A02029005C060000]Automatic fallback to software WebGL has been deprecated. Please use the --enable-unsafe-swiftshader flag to opt in to lower security guarantees for trusted content.", source: https://coinmarketcap.com/community/ (0)
[88416:21416:0531/202218.639:INFO:CONSOLE:0] "[.WebGL-0x3df405cddb00]GL Driver Message (OpenGL, Performance, GL_CLOSE_PATH_NV, High): GPU stall due to ReadPixels", source: https://coinmarketcap.com/community/ (0)
[88416:21416:0531/202218.639:INFO:CONSOLE:0] "[GroupMarkerNotSet(crbug.com/242999)!:A0F028005C060000]Automatic fallback to software WebGL has been deprecated. Please use the --enable-unsafe-swiftshader flag to opt in to lower security guarantees for trusted content.", source: https://coinmarketcap.com/community/ (0)
[88416:21416:0531/202218.639:INFO:CONSOLE:0] "[GroupMarkerNotSet(crbug.com/242999)!:A0C0F4005C060000]Automatic fallback to software WebGL has been deprecated. Please use the --enable-unsafe-swiftshader flag to opt in to lower security guarantees for trusted content.", source: https://coinmarketcap.com/community/ (0)
[88416:21416:0531/202218.654:INFO:CONSOLE:0] "[GroupMarkerNotSet(crbug.com/242999)!:A0F0F4005C060000]Automatic fallback to software WebGL has been deprecated. Please use the --enable-unsafe-swiftshader flag to opt in to lower security guarantees for trusted content.", source: https://coinmarketcap.com/community/ (0)
[88416:21416:0531/202218.654:INFO:CONSOLE:0] "[GroupMarkerNotSet(crbug.com/242999)!:A020F5005C060000]Automatic fallback to software WebGL has been deprecated. Please use the --enable-unsafe-swiftshader flag to opt in to lower security guarantees for trusted content.", source: https://coinmarketcap.com/community/ (0)
[88416:21416:0531/202218.654:INFO:CONSOLE:0] "[.WebGL-0x3df40436a900]GL Driver Message (OpenGL, Performance, GL_CLOSE_PATH_NV, High): GPU stall due to ReadPixels", source: https://coinmarketcap.com/community/ (0)
[88416:21416:0531/202218.654:INFO:CONSOLE:0] "[GroupMarkerNotSet(crbug.com/242999)!:A050F5005C060000]Automatic fallback to software WebGL has been deprecated. Please use the --enable-unsafe-swiftshader flag to opt in to lower security guarantees for trusted content.", source: https://coinmarketcap.com/community/ (0)
[88416:21416:0531/202218.654:INFO:CONSOLE:0] "[GroupMarkerNotSet(crbug.com/242999)!:A0C0F6005C060000]Automatic fallback to software WebGL has been deprecated. Please use the --enable-unsafe-swiftshader flag to opt in to lower security guarantees for trusted content.", source: https://coinmarketcap.com/community/ (0)
[10552:89200:0531/202220.002:WARNING:net\spdy\spdy_session.cc:2997] Received HEADERS for invalid stream 3
[90236:90272:0531/202220.018:INFO:third_party\webrtc\system_wrappers\source\cpu_info.cc:56] Available number of cores: 12
[88416:21416:0531/202220.533:INFO:CONSOLE:0] "[DOM] Input elements should have autocomplete attributes (suggested: "current-password"): (More info: https://goo.gl/9p2vKq) %o", source: https://accounts.google.com/v3/signin/identifier?opparams=%253F&dsh=S52627293%3A1748719340048884&client_id=434534683140-0ced0admvb9ob0blh9stl0gm4qllsfuu.apps.googleusercontent.com&include_granted_scopes=true&o2v=2&redirect_uri=https%3A%2F%2Fcoinmarketcap.com%2Fauth%2Foauth%2Fcallback&response_type=code&scope=https%3A%2F%2Fwww.googleapis.com%2Fauth%2Fuserinfo.email&service=lso&state=5BLFRACPYPWTZON4UAG4AC4LKNF7QL7F_4_https%3A%2F%2Fcoinmarketcap.com%2Fcommunity%2F&flowName=GeneralOAuthFlow&continue=https%3A%2F%2Faccounts.google.com%2Fsignin%2Foauth%2Fconsent%3Fauthuser%3Dunknown%26part%3DAJi8hAO0S7Qe7MCt3ZEtb5YQp0JZgDr_yo8dU1n26L3uw0FVLogVaDuJkGIugfd6UdvCBdsFL51lH1OkgDz44HmF0RGYpNoGjYy6VyttqlheQJcoEjD3LC31piMreqyMvyVwNAmaEkGICTwWcIjwUwRal5MYV-jPAn6_SVk2NuQHiy6g-g1G7HFdxmJD9z2_zNuF5OCjY0Kmp7HzGqGcHIx4g7xZnGYdBrQ2o5r-CzsDD9fjvJS-KVsTAO1Y4aouhIiJZXP61JAhvQEvNVlJ56Ea3mDbTP5t3ZKsWct1amy73hDFnOdstKJxn8vJj4B1RlPDdlefnjEYJSHD8jZLX_fQi8yYWfEUDf0hPASiQI51GzywlG4va3ZfkNc8Pyq15GKMbIb8OroCIQrEEh_Ykxv-Qd8LA7rv6c4AALxVeLjx9-fjMsoO5IxlYfwMP_yPZra65cdI52yiNeHBt0iLYURb5jKhp_wWCw%26flowName%3DGeneralOAuthFlow%26as%3DS52627293%253A1748719340048884%26client_id%3D434534683140-0ced0admvb9ob0blh9stl0gm4qllsfuu.apps.googleusercontent.com%23&app_domain=https%3A%2F%2Fcoinmarketcap.com&rart=ANgoxcf47SH_ISQUTVhAM0CJ0IGoBui0UufNqcbnwR1FvlRGMDeMwvBSI_9Z3xHoepPmsQXKbRGDsEd9aBMgEis7Bwe7ijRG4GnYo-6lmViHlU-K1khLMp4 (0)
[88416:21416:0531/202220.540:INFO:CONSOLE:440] "%c%s color: red; background: yellow; font-size: 24px; WARNING!", source: https://www.gstatic.com/_/mss/boq-identity/_/js/k=boq-identity.AccountsSignInUi.en_US.n3XhghNUXvU.es5.O/am=MQ4AjJWOXEMgIA68nzIL6ixAAkIGAAAAAAAAAABsAQAAjGMABA/d=1/excm=_b,_tp,identifierview/ed=1/dg=0/wt=2/ujg=1/rs=AOaEmlFw8JAD_Q_fvTSq8dtP7odpX0bJkA/m=_b,_tp (440)
[88416:21416:0531/202220.540:INFO:CONSOLE:440] "%c%s font-size: 18px; Using this console may allow attackers to impersonate you and steal your information using an attack called Self-XSS.
Do not enter or paste code that you do not understand.", source: https://www.gstatic.com/_/mss/boq-identity/_/js/k=boq-identity.AccountsSignInUi.en_US.n3XhghNUXvU.es5.O/am=MQ4AjJWOXEMgIA68nzIL6ixAAkIGAAAAAAAAAABsAQAAjGMABA/d=1/excm=_b,_tp,identifierview/ed=1/dg=0/wt=2/ujg=1/rs=AOaEmlFw8JAD_Q_fvTSq8dtP7odpX0bJkA/m=_b,_tp (440)
[88416:21416:0531/202220.709:ERROR:components\device_event_log\device_event_log_impl.cc:202] [20:22:20.712] Bluetooth: bluetooth_adapter_winrt.cc:1054 Getting Default Adapter failed.
[91300:91076:0531/202220.816:INFO:third_party\webrtc\system_wrappers\source\cpu_info.cc:56] Available number of cores: 12
[88416:21416:0531/202222.243:WARNING:chrome\browser\media\prefs\capture_device_ranking.h:255] Can't initialize the value of media.audio_input.user_preference_ranking because media.default_audio_capture_device isn't registered or is empty
[88416:21416:0531/202222.243:WARNING:chrome\browser\media\prefs\capture_device_ranking.h:255] Can't initialize the value of media.video_input.user_preference_ranking because media.default_video_capture_Device isn't registered or is empty
[88416:21416:0531/202222.243:WARNING:chrome\browser\media\prefs\capture_device_ranking.h:255] Can't initialize the value of media.audio_input.user_preference_ranking because media.default_audio_capture_device isn't registered or is empty
[88416:21416:0531/202222.243:WARNING:chrome\browser\media\prefs\capture_device_ranking.h:255] Can't initialize the value of media.video_input.user_preference_ranking because media.default_video_capture_Device isn't registered or is empty
[16156:19296:0531/202225.289:INFO:third_party\webrtc\system_wrappers\source\cpu_info.cc:56] Available number of cores: 12
[10552:89200:0531/202225.796:WARNING:net\spdy\spdy_session.cc:2997] Received HEADERS for invalid stream 43
[88416:21416:0531/202226.128:INFO:CONSOLE:33] "react-i18next:: It seems you are still using the old wait option, you may migrate to the new useSuspense behaviour.", source: https://s2.coinmarketcap.com/cmc/_next/static/chunks/pages/_app-7ae28c665f274c08.js (33)
[88416:21416:0531/202226.128:INFO:CONSOLE:33] "react-i18next:: i18n.languages were undefined or empty undefined", source: https://s2.coinmarketcap.com/cmc/_next/static/chunks/pages/_app-7ae28c665f274c08.js (33)
[10552:89200:0531/202226.773:WARNING:net\spdy\spdy_session.cc:2997] Received HEADERS for invalid stream 51
[88416:21416:0531/202228.036:INFO:CONSOLE:33] "Highcharts warning: Consider including the "accessibility.js" module to make your chart more usable for people with disabilities. Set the "accessibility.enabled" option to false to remove this warning. See https://www.highcharts.com/docs/accessibility/accessibility-module.", source: https://s2.coinmarketcap.com/cmc/_next/static/chunks/pages/_app-7ae28c665f274c08.js (33)
[88416:21416:0531/202228.383:INFO:CONSOLE:33] "Highcharts warning #33: www.highcharts.com/errors/33/?Invalid%20attribute%20in%20config=loading
 - Invalid attribute in config: loading", source: https://s2.coinmarketcap.com/cmc/_next/static/chunks/pages/_app-7ae28c665f274c08.js (33)
[88416:21416:0531/202228.383:INFO:CONSOLE:33] "Highcharts warning #33: www.highcharts.com/errors/33/?Invalid%20attribute%20in%20config=decode
 - Invalid attribute in config: decode", source: https://s2.coinmarketcap.com/cmc/_next/static/chunks/pages/_app-7ae28c665f274c08.js (33)
[88416:21416:0531/202228.383:INFO:CONSOLE:33] "Highcharts warning #33: www.highcharts.com/errors/33/?Invalid%20attribute%20in%20config=priority
 - Invalid attribute in config: priority", source: https://s2.coinmarketcap.com/cmc/_next/static/chunks/pages/_app-7ae28c665f274c08.js (33)
[10552:89200:0531/202229.610:WARNING:net\spdy\spdy_session.cc:2997] Received HEADERS for invalid stream 1
[10552:89200:0531/202229.615:WARNING:net\spdy\spdy_session.cc:2997] Received HEADERS for invalid stream 3
